<?xml version="1.0" encoding="utf-8"?>
<!DOCTYPE coverage SYSTEM "http://cobertura.sourceforge.net/xml/coverage-04.dtd">
<coverage line-rate="0.8348551012306471" branch-rate="0.5933456561922366" lines-covered="2103" lines-valid="2519" branches-covered="963" branches-valid="1623" complexity="2308" version="0" timestamp="1781879935">
  <sources>
    <source></source>
  </sources>
  <packages>
    <package name="Agilent34970A" line-rate="0.8712121212121212" branch-rate="0.7275747508305648" complexity="398">
      <classes>
        <class name="Agilent34970A.A34970A_DetectCards" filename="https://raw.githubusercontent.com/bartkepl/InstrumentControl/96c6f50d5b1d3b5d4569cb553e289da768633486/instruments/Agilent34970A/Agilent34970ABlocks.cs" line-rate="1" branch-rate="1" complexity="7">
          <methods>
            <method name="get_BlockType" signature="()" line-rate="1" branch-rate="1" complexity="1">
              <lines>
                <line number="33" hits="1" branch="false" />
              </lines>
            </method>
            <method name="get_DisplayName" signature="()" line-rate="1" branch-rate="1" complexity="1">
              <lines>
                <line number="34" hits="1" branch="false" />
              </lines>
            </method>
            <method name="get_Description" signature="()" line-rate="1" branch-rate="1" complexity="1">
              <lines>
                <line number="35" hits="1" branch="false" />
              </lines>
            </method>
            <method name="get_BlockColor" signature="()" line-rate="1" branch-rate="1" complexity="1">
              <lines>
                <line number="36" hits="1" branch="false" />
              </lines>
            </method>
            <method name="get_Category" signature="()" line-rate="1" branch-rate="1" complexity="1">
              <lines>
                <line number="37" hits="1" branch="false" />
              </lines>
            </method>
            <method name="get_PropertyDefinitions" signature="()" line-rate="1" branch-rate="1" complexity="1">
              <lines>
                <line number="40" hits="1" branch="false" />
                <line number="41" hits="1" branch="false" />
                <line number="42" hits="1" branch="false" />
              </lines>
            </method>
            <method name=".cctor" signature="()" line-rate="1" branch-rate="1" complexity="1">
              <lines>
                <line number="64" hits="1" branch="false" />
              </lines>
            </method>
          </methods>
          <lines>
            <line number="33" hits="1" branch="false" />
            <line number="34" hits="1" branch="false" />
            <line number="35" hits="1" branch="false" />
            <line number="36" hits="1" branch="false" />
            <line number="37" hits="1" branch="false" />
            <line number="40" hits="1" branch="false" />
            <line number="41" hits="1" branch="false" />
            <line number="42" hits="1" branch="false" />
            <line number="64" hits="1" branch="false" />
          </lines>
        </class>
        <class name="Agilent34970A.A34970A_MeasureChannel" filename="https://raw.githubusercontent.com/bartkepl/InstrumentControl/96c6f50d5b1d3b5d4569cb553e289da768633486/instruments/Agilent34970A/Agilent34970ABlocks.cs" line-rate="1" branch-rate="1" complexity="7">
          <methods>
            <method name="get_BlockType" signature="()" line-rate="1" branch-rate="1" complexity="1">
              <lines>
                <line number="188" hits="1" branch="false" />
              </lines>
            </method>
            <method name="get_DisplayName" signature="()" line-rate="1" branch-rate="1" complexity="1">
              <lines>
                <line number="189" hits="1" branch="false" />
              </lines>
            </method>
            <method name="get_Description" signature="()" line-rate="1" branch-rate="1" complexity="1">
              <lines>
                <line number="190" hits="1" branch="false" />
              </lines>
            </method>
            <method name="get_BlockColor" signature="()" line-rate="1" branch-rate="1" complexity="1">
              <lines>
                <line number="191" hits="1" branch="false" />
              </lines>
            </method>
            <method name="get_Category" signature="()" line-rate="1" branch-rate="1" complexity="1">
              <lines>
                <line number="192" hits="1" branch="false" />
              </lines>
            </method>
            <method name="get_PropertyDefinitions" signature="()" line-rate="1" branch-rate="1" complexity="1">
              <lines>
                <line number="195" hits="1" branch="false" />
                <line number="196" hits="1" branch="false" />
                <line number="197" hits="1" branch="false" />
                <line number="198" hits="1" branch="false" />
                <line number="199" hits="1" branch="false" />
                <line number="200" hits="1" branch="false" />
                <line number="201" hits="1" branch="false" />
                <line number="202" hits="1" branch="false" />
                <line number="203" hits="1" branch="false" />
                <line number="204" hits="1" branch="false" />
              </lines>
            </method>
            <method name=".cctor" signature="()" line-rate="1" branch-rate="1" complexity="1">
              <lines>
                <line number="241" hits="1" branch="false" />
              </lines>
            </method>
          </methods>
          <lines>
            <line number="188" hits="1" branch="false" />
            <line number="189" hits="1" branch="false" />
            <line number="190" hits="1" branch="false" />
            <line number="191" hits="1" branch="false" />
            <line number="192" hits="1" branch="false" />
            <line number="195" hits="1" branch="false" />
            <line number="196" hits="1" branch="false" />
            <line number="197" hits="1" branch="false" />
            <line number="198" hits="1" branch="false" />
            <line number="199" hits="1" branch="false" />
            <line number="200" hits="1" branch="false" />
            <line number="201" hits="1" branch="false" />
            <line number="202" hits="1" branch="false" />
            <line number="203" hits="1" branch="false" />
            <line number="204" hits="1" branch="false" />
            <line number="241" hits="1" branch="false" />
          </lines>
        </class>
        <class name="Agilent34970A.A34970A_ReadDigitalInput" filename="https://raw.githubusercontent.com/bartkepl/InstrumentControl/96c6f50d5b1d3b5d4569cb553e289da768633486/instruments/Agilent34970A/Agilent34970ABlocks.cs" line-rate="1" branch-rate="1" complexity="7">
          <methods>
            <method name="get_BlockType" signature="()" line-rate="1" branch-rate="1" complexity="1">
              <lines>
                <line number="351" hits="1" branch="false" />
              </lines>
            </method>
            <method name="get_DisplayName" signature="()" line-rate="1" branch-rate="1" complexity="1">
              <lines>
                <line number="352" hits="1" branch="false" />
              </lines>
            </method>
            <method name="get_Description" signature="()" line-rate="1" branch-rate="1" complexity="1">
              <lines>
                <line number="353" hits="1" branch="false" />
              </lines>
            </method>
            <method name="get_BlockColor" signature="()" line-rate="1" branch-rate="1" complexity="1">
              <lines>
                <line number="354" hits="1" branch="false" />
              </lines>
            </method>
            <method name="get_Category" signature="()" line-rate="1" branch-rate="1" complexity="1">
              <lines>
                <line number="355" hits="1" branch="false" />
              </lines>
            </method>
            <method name="get_PropertyDefinitions" signature="()" line-rate="1" branch-rate="1" complexity="1">
              <lines>
                <line number="358" hits="1" branch="false" />
                <line number="359" hits="1" branch="false" />
                <line number="360" hits="1" branch="false" />
                <line number="361" hits="1" branch="false" />
                <line number="362" hits="1" branch="false" />
                <line number="363" hits="1" branch="false" />
              </lines>
            </method>
            <method name=".cctor" signature="()" line-rate="1" branch-rate="1" complexity="1">
              <lines>
                <line number="389" hits="1" branch="false" />
              </lines>
            </method>
          </methods>
          <lines>
            <line number="351" hits="1" branch="false" />
            <line number="352" hits="1" branch="false" />
            <line number="353" hits="1" branch="false" />
            <line number="354" hits="1" branch="false" />
            <line number="355" hits="1" branch="false" />
            <line number="358" hits="1" branch="false" />
            <line number="359" hits="1" branch="false" />
            <line number="360" hits="1" branch="false" />
            <line number="361" hits="1" branch="false" />
            <line number="362" hits="1" branch="false" />
            <line number="363" hits="1" branch="false" />
            <line number="389" hits="1" branch="false" />
          </lines>
        </class>
        <class name="Agilent34970A.A34970A_ReadTotalizer" filename="https://raw.githubusercontent.com/bartkepl/InstrumentControl/96c6f50d5b1d3b5d4569cb553e289da768633486/instruments/Agilent34970A/Agilent34970ABlocks.cs" line-rate="1" branch-rate="1" complexity="7">
          <methods>
            <method name="get_BlockType" signature="()" line-rate="1" branch-rate="1" complexity="1">
              <lines>
                <line number="398" hits="1" branch="false" />
              </lines>
            </method>
            <method name="get_DisplayName" signature="()" line-rate="1" branch-rate="1" complexity="1">
              <lines>
                <line number="399" hits="1" branch="false" />
              </lines>
            </method>
            <method name="get_Description" signature="()" line-rate="1" branch-rate="1" complexity="1">
              <lines>
                <line number="400" hits="1" branch="false" />
              </lines>
            </method>
            <method name="get_BlockColor" signature="()" line-rate="1" branch-rate="1" complexity="1">
              <lines>
                <line number="401" hits="1" branch="false" />
              </lines>
            </method>
            <method name="get_Category" signature="()" line-rate="1" branch-rate="1" complexity="1">
              <lines>
                <line number="402" hits="1" branch="false" />
              </lines>
            </method>
            <method name="get_PropertyDefinitions" signature="()" line-rate="1" branch-rate="1" complexity="1">
              <lines>
                <line number="405" hits="1" branch="false" />
                <line number="406" hits="1" branch="false" />
                <line number="407" hits="1" branch="false" />
                <line number="408" hits="1" branch="false" />
                <line number="409" hits="1" branch="false" />
                <line number="410" hits="1" branch="false" />
              </lines>
            </method>
            <method name=".cctor" signature="()" line-rate="1" branch-rate="1" complexity="1">
              <lines>
                <line number="437" hits="1" branch="false" />
              </lines>
            </method>
          </methods>
          <lines>
            <line number="398" hits="1" branch="false" />
            <line number="399" hits="1" branch="false" />
            <line number="400" hits="1" branch="false" />
            <line number="401" hits="1" branch="false" />
            <line number="402" hits="1" branch="false" />
            <line number="405" hits="1" branch="false" />
            <line number="406" hits="1" branch="false" />
            <line number="407" hits="1" branch="false" />
            <line number="408" hits="1" branch="false" />
            <line number="409" hits="1" branch="false" />
            <line number="410" hits="1" branch="false" />
            <line number="437" hits="1" branch="false" />
          </lines>
        </class>
        <class name="Agilent34970A.A34970A_ScanChannels" filename="https://raw.githubusercontent.com/bartkepl/InstrumentControl/96c6f50d5b1d3b5d4569cb553e289da768633486/instruments/Agilent34970A/Agilent34970ABlocks.cs" line-rate="1" branch-rate="1" complexity="7">
          <methods>
            <method name="get_BlockType" signature="()" line-rate="1" branch-rate="1" complexity="1">
              <lines>
                <line number="73" hits="1" branch="false" />
              </lines>
            </method>
            <method name="get_DisplayName" signature="()" line-rate="1" branch-rate="1" complexity="1">
              <lines>
                <line number="74" hits="1" branch="false" />
              </lines>
            </method>
            <method name="get_Description" signature="()" line-rate="1" branch-rate="1" complexity="1">
              <lines>
                <line number="75" hits="1" branch="false" />
              </lines>
            </method>
            <method name="get_BlockColor" signature="()" line-rate="1" branch-rate="1" complexity="1">
              <lines>
                <line number="76" hits="1" branch="false" />
              </lines>
            </method>
            <method name="get_Category" signature="()" line-rate="1" branch-rate="1" complexity="1">
              <lines>
                <line number="77" hits="1" branch="false" />
              </lines>
            </method>
            <method name="get_PropertyDefinitions" signature="()" line-rate="1" branch-rate="1" complexity="1">
              <lines>
                <line number="80" hits="1" branch="false" />
                <line number="81" hits="1" branch="false" />
                <line number="82" hits="1" branch="false" />
                <line number="83" hits="1" branch="false" />
                <line number="84" hits="1" branch="false" />
                <line number="85" hits="1" branch="false" />
                <line number="86" hits="1" branch="false" />
                <line number="87" hits="1" branch="false" />
              </lines>
            </method>
            <method name=".cctor" signature="()" line-rate="1" branch-rate="1" complexity="1">
              <lines>
                <line number="123" hits="1" branch="false" />
              </lines>
            </method>
          </methods>
          <lines>
            <line number="73" hits="1" branch="false" />
            <line number="74" hits="1" branch="false" />
            <line number="75" hits="1" branch="false" />
            <line number="76" hits="1" branch="false" />
            <line number="77" hits="1" branch="false" />
            <line number="80" hits="1" branch="false" />
            <line number="81" hits="1" branch="false" />
            <line number="82" hits="1" branch="false" />
            <line number="83" hits="1" branch="false" />
            <line number="84" hits="1" branch="false" />
            <line number="85" hits="1" branch="false" />
            <line number="86" hits="1" branch="false" />
            <line number="87" hits="1" branch="false" />
            <line number="123" hits="1" branch="false" />
          </lines>
        </class>
        <class name="Agilent34970A.A34970A_ScanMixed" filename="https://raw.githubusercontent.com/bartkepl/InstrumentControl/96c6f50d5b1d3b5d4569cb553e289da768633486/instruments/Agilent34970A/Agilent34970ABlocks.cs" line-rate="1" branch-rate="1" complexity="7">
          <methods>
            <method name="get_BlockType" signature="()" line-rate="1" branch-rate="1" complexity="1">
              <lines>
                <line number="132" hits="1" branch="false" />
              </lines>
            </method>
            <method name="get_DisplayName" signature="()" line-rate="1" branch-rate="1" complexity="1">
              <lines>
                <line number="133" hits="1" branch="false" />
              </lines>
            </method>
            <method name="get_Description" signature="()" line-rate="1" branch-rate="1" complexity="1">
              <lines>
                <line number="135" hits="1" branch="false" />
              </lines>
            </method>
            <method name="get_BlockColor" signature="()" line-rate="1" branch-rate="1" complexity="1">
              <lines>
                <line number="136" hits="1" branch="false" />
              </lines>
            </method>
            <method name="get_Category" signature="()" line-rate="1" branch-rate="1" complexity="1">
              <lines>
                <line number="137" hits="1" branch="false" />
              </lines>
            </method>
            <method name="get_PropertyDefinitions" signature="()" line-rate="1" branch-rate="1" complexity="1">
              <lines>
                <line number="140" hits="1" branch="false" />
                <line number="141" hits="1" branch="false" />
                <line number="142" hits="1" branch="false" />
                <line number="143" hits="1" branch="false" />
                <line number="144" hits="1" branch="false" />
                <line number="145" hits="1" branch="false" />
              </lines>
            </method>
            <method name=".cctor" signature="()" line-rate="1" branch-rate="1" complexity="1">
              <lines>
                <line number="179" hits="1" branch="false" />
              </lines>
            </method>
          </methods>
          <lines>
            <line number="132" hits="1" branch="false" />
            <line number="133" hits="1" branch="false" />
            <line number="135" hits="1" branch="false" />
            <line number="136" hits="1" branch="false" />
            <line number="137" hits="1" branch="false" />
            <line number="140" hits="1" branch="false" />
            <line number="141" hits="1" branch="false" />
            <line number="142" hits="1" branch="false" />
            <line number="143" hits="1" branch="false" />
            <line number="144" hits="1" branch="false" />
            <line number="145" hits="1" branch="false" />
            <line number="179" hits="1" branch="false" />
          </lines>
        </class>
        <class name="Agilent34970A.A34970A_SetDAC" filename="https://raw.githubusercontent.com/bartkepl/InstrumentControl/96c6f50d5b1d3b5d4569cb553e289da768633486/instruments/Agilent34970A/Agilent34970ABlocks.cs" line-rate="1" branch-rate="1" complexity="7">
          <methods>
            <method name="get_BlockType" signature="()" line-rate="1" branch-rate="1" complexity="1">
              <lines>
                <line number="250" hits="1" branch="false" />
              </lines>
            </method>
            <method name="get_DisplayName" signature="()" line-rate="1" branch-rate="1" complexity="1">
              <lines>
                <line number="251" hits="1" branch="false" />
              </lines>
            </method>
            <method name="get_Description" signature="()" line-rate="1" branch-rate="1" complexity="1">
              <lines>
                <line number="252" hits="1" branch="false" />
              </lines>
            </method>
            <method name="get_BlockColor" signature="()" line-rate="1" branch-rate="1" complexity="1">
              <lines>
                <line number="253" hits="1" branch="false" />
              </lines>
            </method>
            <method name="get_Category" signature="()" line-rate="1" branch-rate="1" complexity="1">
              <lines>
                <line number="254" hits="1" branch="false" />
              </lines>
            </method>
            <method name="get_PropertyDefinitions" signature="()" line-rate="1" branch-rate="1" complexity="1">
              <lines>
                <line number="257" hits="1" branch="false" />
                <line number="258" hits="1" branch="false" />
                <line number="259" hits="1" branch="false" />
                <line number="260" hits="1" branch="false" />
                <line number="261" hits="1" branch="false" />
                <line number="262" hits="1" branch="false" />
                <line number="263" hits="1" branch="false" />
              </lines>
            </method>
            <method name=".cctor" signature="()" line-rate="1" branch-rate="1" complexity="1">
              <lines>
                <line number="291" hits="1" branch="false" />
              </lines>
            </method>
          </methods>
          <lines>
            <line number="250" hits="1" branch="false" />
            <line number="251" hits="1" branch="false" />
            <line number="252" hits="1" branch="false" />
            <line number="253" hits="1" branch="false" />
            <line number="254" hits="1" branch="false" />
            <line number="257" hits="1" branch="false" />
            <line number="258" hits="1" branch="false" />
            <line number="259" hits="1" branch="false" />
            <line number="260" hits="1" branch="false" />
            <line number="261" hits="1" branch="false" />
            <line number="262" hits="1" branch="false" />
            <line number="263" hits="1" branch="false" />
            <line number="291" hits="1" branch="false" />
          </lines>
        </class>
        <class name="Agilent34970A.A34970A_SetDigitalOutput" filename="https://raw.githubusercontent.com/bartkepl/InstrumentControl/96c6f50d5b1d3b5d4569cb553e289da768633486/instruments/Agilent34970A/Agilent34970ABlocks.cs" line-rate="1" branch-rate="1" complexity="7">
          <methods>
            <method name="get_BlockType" signature="()" line-rate="1" branch-rate="1" complexity="1">
              <lines>
                <line number="300" hits="1" branch="false" />
              </lines>
            </method>
            <method name="get_DisplayName" signature="()" line-rate="1" branch-rate="1" complexity="1">
              <lines>
                <line number="301" hits="1" branch="false" />
              </lines>
            </method>
            <method name="get_Description" signature="()" line-rate="1" branch-rate="1" complexity="1">
              <lines>
                <line number="302" hits="1" branch="false" />
              </lines>
            </method>
            <method name="get_BlockColor" signature="()" line-rate="1" branch-rate="1" complexity="1">
              <lines>
                <line number="303" hits="1" branch="false" />
              </lines>
            </method>
            <method name="get_Category" signature="()" line-rate="1" branch-rate="1" complexity="1">
              <lines>
                <line number="304" hits="1" branch="false" />
              </lines>
            </method>
            <method name="get_PropertyDefinitions" signature="()" line-rate="1" branch-rate="1" complexity="1">
              <lines>
                <line number="307" hits="1" branch="false" />
                <line number="308" hits="1" branch="false" />
                <line number="309" hits="1" branch="false" />
                <line number="310" hits="1" branch="false" />
                <line number="311" hits="1" branch="false" />
                <line number="312" hits="1" branch="false" />
                <line number="313" hits="1" branch="false" />
              </lines>
            </method>
            <method name=".cctor" signature="()" line-rate="1" branch-rate="1" complexity="1">
              <lines>
                <line number="342" hits="1" branch="false" />
              </lines>
            </method>
          </methods>
          <lines>
            <line number="300" hits="1" branch="false" />
            <line number="301" hits="1" branch="false" />
            <line number="302" hits="1" branch="false" />
            <line number="303" hits="1" branch="false" />
            <line number="304" hits="1" branch="false" />
            <line number="307" hits="1" branch="false" />
            <line number="308" hits="1" branch="false" />
            <line number="309" hits="1" branch="false" />
            <line number="310" hits="1" branch="false" />
            <line number="311" hits="1" branch="false" />
            <line number="312" hits="1" branch="false" />
            <line number="313" hits="1" branch="false" />
            <line number="342" hits="1" branch="false" />
          </lines>
        </class>
        <class name="Agilent34970A.A34970ABlockHelpers" filename="https://raw.githubusercontent.com/bartkepl/InstrumentControl/96c6f50d5b1d3b5d4569cb553e289da768633486/instruments/Agilent34970A/Agilent34970ABlocks.cs" line-rate="0" branch-rate="0" complexity="4">
          <methods>
            <method name="ResolveDriver" signature="(InstrumentControl.Core.Base.SequenceBlockBase,InstrumentControl.Core.Models.SequenceContext,System.String)" line-rate="0" branch-rate="0" complexity="4">
              <lines>
                <line number="18" hits="0" branch="false" />
                <line number="19" hits="0" branch="true" condition-coverage="0% (0/2)" />
                <line number="20" hits="0" branch="false" />
                <line number="21" hits="0" branch="true" condition-coverage="0% (0/2)" />
                <line number="22" hits="0" branch="false" />
                <line number="23" hits="0" branch="false" />
                <line number="24" hits="0" branch="false" />
              </lines>
            </method>
          </methods>
          <lines>
            <line number="18" hits="0" branch="false" />
            <line number="19" hits="0" branch="true" condition-coverage="0% (0/2)" />
            <line number="20" hits="0" branch="false" />
            <line number="21" hits="0" branch="true" condition-coverage="0% (0/2)" />
            <line number="22" hits="0" branch="false" />
            <line number="23" hits="0" branch="false" />
            <line number="24" hits="0" branch="false" />
          </lines>
        </class>
        <class name="Agilent34970A.Agilent34970ABlocks" filename="https://raw.githubusercontent.com/bartkepl/InstrumentControl/96c6f50d5b1d3b5d4569cb553e289da768633486/instruments/Agilent34970A/Agilent34970ABlocks.cs" line-rate="1" branch-rate="1" complexity="3">
          <methods>
            <method name="RegisterAll" signature="()" line-rate="1" branch-rate="1" complexity="2">
              <lines>
                <line number="449" hits="1" branch="false" />
                <line number="450" hits="1" branch="true" condition-coverage="100% (2/2)" />
                <line number="451" hits="1" branch="false" />
                <line number="453" hits="1" branch="false" />
                <line number="454" hits="1" branch="false" />
                <line number="455" hits="1" branch="false" />
                <line number="456" hits="1" branch="false" />
                <line number="457" hits="1" branch="false" />
                <line number="458" hits="1" branch="false" />
                <line number="459" hits="1" branch="false" />
                <line number="460" hits="1" branch="false" />
                <line number="461" hits="1" branch="false" />
              </lines>
            </method>
            <method name="CreateAllBlocks" signature="()" line-rate="1" branch-rate="1" complexity="1">
              <lines>
                <line number="464" hits="2" branch="false" />
                <line number="465" hits="2" branch="false" />
                <line number="466" hits="2" branch="false" />
                <line number="467" hits="2" branch="false" />
                <line number="468" hits="2" branch="false" />
                <line number="469" hits="2" branch="false" />
                <line number="470" hits="2" branch="false" />
                <line number="471" hits="2" branch="false" />
                <line number="472" hits="2" branch="false" />
                <line number="473" hits="2" branch="false" />
              </lines>
            </method>
          </methods>
          <lines>
            <line number="449" hits="1" branch="false" />
            <line number="450" hits="1" branch="true" condition-coverage="100% (2/2)" />
            <line number="451" hits="1" branch="false" />
            <line number="453" hits="1" branch="false" />
            <line number="454" hits="1" branch="false" />
            <line number="455" hits="1" branch="false" />
            <line number="456" hits="1" branch="false" />
            <line number="457" hits="1" branch="false" />
            <line number="458" hits="1" branch="false" />
            <line number="459" hits="1" branch="false" />
            <line number="460" hits="1" branch="false" />
            <line number="461" hits="1" branch="false" />
            <line number="464" hits="2" branch="false" />
            <line number="465" hits="2" branch="false" />
            <line number="466" hits="2" branch="false" />
            <line number="467" hits="2" branch="false" />
            <line number="468" hits="2" branch="false" />
            <line number="469" hits="2" branch="false" />
            <line number="470" hits="2" branch="false" />
            <line number="471" hits="2" branch="false" />
            <line number="472" hits="2" branch="false" />
            <line number="473" hits="2" branch="false" />
          </lines>
        </class>
        <class name="Agilent34970A.Agilent34970ADriver" filename="https://raw.githubusercontent.com/bartkepl/InstrumentControl/96c6f50d5b1d3b5d4569cb553e289da768633486/instruments/Agilent34970A/Agilent34970ADriver.cs" line-rate="0.7894736842105263" branch-rate="0.72" complexity="68">
          <methods>
            <method name="get_DriverName" signature="()" line-rate="1" branch-rate="1" complexity="1">
              <lines>
                <line number="16" hits="24" branch="false" />
              </lines>
            </method>
            <method name="get_Manufacturer" signature="()" line-rate="1" branch-rate="1" complexity="1">
              <lines>
                <line number="17" hits="10" branch="false" />
              </lines>
            </method>
            <method name="get_Model" signature="()" line-rate="1" branch-rate="1" complexity="1">
              <lines>
                <line number="18" hits="10" branch="false" />
              </lines>
            </method>
            <method name="get_Description" signature="()" line-rate="0" branch-rate="1" complexity="1">
              <lines>
                <line number="19" hits="0" branch="false" />
              </lines>
            </method>
            <method name="get_SupportedResourcePatterns" signature="()" line-rate="0" branch-rate="1" complexity="1">
              <lines>
                <line number="21" hits="0" branch="false" />
              </lines>
            </method>
            <method name="SetCard" signature="(System.Int32,System.String)" line-rate="1" branch-rate="1" complexity="2">
              <lines>
                <line number="33" hits="2" branch="false" />
                <line number="34" hits="2" branch="false" />
                <line number="35" hits="3" branch="true" condition-coverage="100% (2/2)" />
                <line number="36" hits="1" branch="false" />
                <line number="37" hits="2" branch="false" />
              </lines>
            </method>
            <method name="AddCard34901A" signature="(System.Int32)" line-rate="1" branch-rate="1" complexity="1">
              <lines>
                <line number="41" hits="2" branch="false" />
                <line number="42" hits="2" branch="false" />
                <line number="43" hits="2" branch="false" />
                <line number="44" hits="2" branch="false" />
              </lines>
            </method>
            <method name="AddCard34907A" signature="(System.Int32)" line-rate="1" branch-rate="1" complexity="1">
              <lines>
                <line number="47" hits="5" branch="false" />
                <line number="48" hits="5" branch="false" />
                <line number="49" hits="5" branch="false" />
                <line number="50" hits="5" branch="false" />
              </lines>
            </method>
            <method name="ParseModelFromCtype" signature="(System.String)" line-rate="1" branch-rate="0.9" complexity="10">
              <lines>
                <line number="96" hits="3" branch="false" />
                <line number="98" hits="3" branch="false" />
                <line number="99" hits="3" branch="true" condition-coverage="50% (1/2)" />
                <line number="100" hits="3" branch="false" />
                <line number="101" hits="3" branch="true" condition-coverage="100% (8/8)" />
                <line number="102" hits="3" branch="false" />
              </lines>
            </method>
            <method name="ScanUniformAsync" signature="(System.String,Agilent34970A.Cards.MuxFunction,System.String,Agilent34970A.Cards.TcType)" line-rate="1" branch-rate="1" complexity="1">
              <lines>
                <line number="195" hits="1" branch="false" />
                <line number="196" hits="1" branch="false" />
                <line number="197" hits="1" branch="false" />
                <line number="198" hits="1" branch="false" />
                <line number="199" hits="1" branch="false" />
                <line number="200" hits="1" branch="false" />
              </lines>
            </method>
            <method name="ScanChannelListAsync" signature="(System.String)" line-rate="1" branch-rate="1" complexity="1">
              <lines>
                <line number="204" hits="1" branch="false" />
              </lines>
            </method>
            <method name="ScanAsync" signature="(System.Int32,System.Collections.Generic.IEnumerable`1&lt;System.Int32&gt;,Agilent34970A.Cards.MuxFunction,System.String)" line-rate="0" branch-rate="1" complexity="1">
              <lines>
                <line number="211" hits="0" branch="false" />
                <line number="212" hits="0" branch="false" />
                <line number="213" hits="0" branch="false" />
                <line number="214" hits="0" branch="false" />
                <line number="215" hits="0" branch="false" />
                <line number="216" hits="0" branch="false" />
              </lines>
            </method>
            <method name="MeasureTemperatureTCAsync" signature="(System.String,System.String)" line-rate="0" branch-rate="0" complexity="2">
              <lines>
                <line number="220" hits="0" branch="false" />
                <line number="221" hits="0" branch="true" condition-coverage="0% (0/2)" />
                <line number="222" hits="0" branch="false" />
                <line number="223" hits="0" branch="false" />
              </lines>
            </method>
            <method name="ParseChannelSpec" signature="(System.String)" line-rate="1" branch-rate="0.9285714285714286" complexity="14">
              <lines>
                <line number="231" hits="3" branch="false" />
                <line number="232" hits="3" branch="false" />
                <line number="233" hits="4" branch="true" condition-coverage="100% (2/2)" />
                <line number="235" hits="20" branch="true" condition-coverage="100% (2/2)" />
                <line number="236" hits="7" branch="false" />
                <line number="237" hits="7" branch="false" />
                <line number="238" hits="7" branch="true" condition-coverage="100% (2/2)" />
                <line number="240" hits="7" branch="false" />
                <line number="241" hits="7" branch="false" />
                <line number="242" hits="7" branch="true" condition-coverage="100% (2/2)" />
                <line number="243" hits="2" branch="false" />
                <line number="244" hits="2" branch="false" />
                <line number="245" hits="2" branch="false" />
                <line number="246" hits="2" branch="false" />
                <line number="248" hits="7" branch="false" />
                <line number="249" hits="7" branch="true" condition-coverage="75% (3/4)" />
                <line number="251" hits="7" branch="false" />
                <line number="252" hits="7" branch="false" />
                <line number="253" hits="7" branch="true" condition-coverage="100% (2/2)" />
                <line number="255" hits="7" branch="false" />
                <line number="256" hits="7" branch="false" />
                <line number="258" hits="2" branch="false" />
                <line number="259" hits="3" branch="false" />
              </lines>
            </method>
            <method name="ScanSpecAsync" signature="(System.String)" line-rate="1" branch-rate="1" complexity="1">
              <lines>
                <line number="262" hits="1" branch="false" />
              </lines>
            </method>
            <method name="SetDigitalOutputAsync" signature="(System.Int32,System.Byte)" line-rate="1" branch-rate="1" complexity="1">
              <lines>
                <line number="282" hits="1" branch="false" />
              </lines>
            </method>
            <method name="ReadDigitalInputAsync" signature="(System.Int32)" line-rate="1" branch-rate="1" complexity="1">
              <lines>
                <line number="292" hits="1" branch="false" />
              </lines>
            </method>
            <method name="ReadDeviceErrorAsync" signature="()" line-rate="0" branch-rate="1" complexity="1">
              <lines>
                <line number="325" hits="0" branch="false" />
              </lines>
            </method>
            <method name="CreateFrontPanel" signature="()" line-rate="0" branch-rate="1" complexity="1">
              <lines>
                <line number="339" hits="0" branch="false" />
              </lines>
            </method>
            <method name="GetAvailableBlocks" signature="()" line-rate="1" branch-rate="1" complexity="1">
              <lines>
                <line number="342" hits="2" branch="false" />
              </lines>
            </method>
            <method name="GetCard34907A" signature="(System.Int32)" line-rate="1" branch-rate="1" complexity="4">
              <lines>
                <line number="358" hits="6" branch="false" />
                <line number="359" hits="6" branch="true" condition-coverage="100% (4/4)" />
                <line number="360" hits="1" branch="false" />
                <line number="361" hits="1" branch="false" />
                <line number="362" hits="5" branch="false" />
                <line number="363" hits="5" branch="false" />
              </lines>
            </method>
            <method name="SlotOf" signature="(System.Int32)" line-rate="1" branch-rate="1" complexity="1">
              <lines>
                <line number="366" hits="7" branch="false" />
              </lines>
            </method>
            <method name="ExpandToInts" signature="(System.String)" line-rate="0.5652173913043478" branch-rate="0.35714285714285715" complexity="14">
              <lines>
                <line number="370" hits="1" branch="false" />
                <line number="371" hits="1" branch="false" />
                <line number="372" hits="7" branch="true" condition-coverage="100% (2/2)" />
                <line number="373" hits="2" branch="false" />
                <line number="374" hits="2" branch="false" />
                <line number="375" hits="2" branch="true" condition-coverage="50% (1/2)" />
                <line number="376" hits="0" branch="false" />
                <line number="377" hits="0" branch="false" />
                <line number="378" hits="0" branch="true" condition-coverage="0% (0/6)" />
                <line number="379" hits="0" branch="false" />
                <line number="380" hits="0" branch="false" />
                <line number="381" hits="0" branch="false" />
                <line number="382" hits="0" branch="true" condition-coverage="0% (0/2)" />
                <line number="383" hits="0" branch="false" />
                <line number="384" hits="0" branch="false" />
                <line number="385" hits="0" branch="false" />
                <line number="386" hits="2" branch="true" condition-coverage="100% (2/2)" />
                <line number="387" hits="2" branch="false" />
                <line number="388" hits="2" branch="false" />
                <line number="389" hits="2" branch="false" />
                <line number="390" hits="2" branch="false" />
                <line number="391" hits="1" branch="false" />
                <line number="392" hits="1" branch="false" />
              </lines>
            </method>
            <method name="ParseDoubleArray" signature="(System.String)" line-rate="1" branch-rate="0.75" complexity="4">
              <lines>
                <line number="395" hits="2" branch="false" />
                <line number="396" hits="2" branch="false" />
                <line number="397" hits="16" branch="true" condition-coverage="100% (2/2)" />
                <line number="398" hits="5" branch="false" />
                <line number="399" hits="5" branch="true" condition-coverage="50% (1/2)" />
                <line number="400" hits="5" branch="false" />
                <line number="401" hits="5" branch="false" />
                <line number="402" hits="5" branch="false" />
                <line number="403" hits="2" branch="false" />
                <line number="404" hits="2" branch="false" />
              </lines>
            </method>
            <method name=".cctor" signature="()" line-rate="0.8260869565217391" branch-rate="0.8571428571428571" complexity="1">
              <lines>
                <line number="24" hits="1" branch="false" />
                <line number="33" hits="2" branch="false" />
                <line number="34" hits="2" branch="false" />
                <line number="35" hits="3" branch="true" condition-coverage="100% (2/2)" />
                <line number="36" hits="1" branch="false" />
                <line number="37" hits="2" branch="false" />
                <line number="41" hits="2" branch="false" />
                <line number="42" hits="2" branch="false" />
                <line number="43" hits="2" branch="false" />
                <line number="44" hits="2" branch="false" />
                <line number="47" hits="5" branch="false" />
                <line number="48" hits="5" branch="false" />
                <line number="49" hits="5" branch="false" />
                <line number="50" hits="5" branch="false" />
                <line number="96" hits="3" branch="false" />
                <line number="98" hits="3" branch="false" />
                <line number="99" hits="3" branch="true" condition-coverage="50% (1/2)" />
                <line number="100" hits="3" branch="false" />
                <line number="101" hits="3" branch="true" condition-coverage="100% (8/8)" />
                <line number="102" hits="3" branch="false" />
                <line number="195" hits="1" branch="false" />
                <line number="196" hits="1" branch="false" />
                <line number="197" hits="1" branch="false" />
                <line number="198" hits="1" branch="false" />
                <line number="199" hits="1" branch="false" />
                <line number="200" hits="1" branch="false" />
                <line number="204" hits="1" branch="false" />
                <line number="211" hits="0" branch="false" />
                <line number="212" hits="0" branch="false" />
                <line number="213" hits="0" branch="false" />
                <line number="214" hits="0" branch="false" />
                <line number="215" hits="0" branch="false" />
                <line number="216" hits="0" branch="false" />
                <line number="220" hits="0" branch="false" />
                <line number="221" hits="0" branch="true" condition-coverage="0% (0/2)" />
                <line number="222" hits="0" branch="false" />
                <line number="223" hits="0" branch="false" />
                <line number="231" hits="3" branch="false" />
                <line number="232" hits="3" branch="false" />
                <line number="233" hits="4" branch="true" condition-coverage="100% (2/2)" />
                <line number="235" hits="20" branch="true" condition-coverage="100% (2/2)" />
                <line number="236" hits="7" branch="false" />
                <line number="237" hits="7" branch="false" />
                <line number="238" hits="7" branch="true" condition-coverage="100% (2/2)" />
                <line number="240" hits="7" branch="false" />
                <line number="241" hits="7" branch="false" />
                <line number="242" hits="7" branch="true" condition-coverage="100% (2/2)" />
                <line number="243" hits="2" branch="false" />
                <line number="244" hits="2" branch="false" />
                <line number="245" hits="2" branch="false" />
                <line number="246" hits="2" branch="false" />
                <line number="248" hits="7" branch="false" />
                <line number="249" hits="7" branch="true" condition-coverage="75% (3/4)" />
                <line number="251" hits="7" branch="false" />
                <line number="252" hits="7" branch="false" />
                <line number="253" hits="7" branch="true" condition-coverage="100% (2/2)" />
                <line number="255" hits="7" branch="false" />
                <line number="256" hits="7" branch="false" />
                <line number="258" hits="2" branch="false" />
                <line number="259" hits="3" branch="false" />
                <line number="262" hits="1" branch="false" />
                <line number="282" hits="1" branch="false" />
                <line number="292" hits="1" branch="false" />
                <line number="325" hits="0" branch="false" />
                <line number="339" hits="0" branch="false" />
                <line number="342" hits="2" branch="false" />
                <line number="345" hits="1" branch="false" />
                <line number="346" hits="1" branch="false" />
                <line number="347" hits="1" branch="false" />
              </lines>
            </method>
          </methods>
          <lines>
            <line number="16" hits="24" branch="false" />
            <line number="17" hits="10" branch="false" />
            <line number="18" hits="10" branch="false" />
            <line number="19" hits="0" branch="false" />
            <line number="21" hits="0" branch="false" />
            <line number="24" hits="1" branch="false" />
            <line number="33" hits="2" branch="false" />
            <line number="34" hits="2" branch="false" />
            <line number="35" hits="3" branch="true" condition-coverage="100% (2/2)" />
            <line number="36" hits="1" branch="false" />
            <line number="37" hits="2" branch="false" />
            <line number="41" hits="2" branch="false" />
            <line number="42" hits="2" branch="false" />
            <line number="43" hits="2" branch="false" />
            <line number="44" hits="2" branch="false" />
            <line number="47" hits="5" branch="false" />
            <line number="48" hits="5" branch="false" />
            <line number="49" hits="5" branch="false" />
            <line number="50" hits="5" branch="false" />
            <line number="96" hits="3" branch="false" />
            <line number="98" hits="3" branch="false" />
            <line number="99" hits="3" branch="true" condition-coverage="50% (1/2)" />
            <line number="100" hits="3" branch="false" />
            <line number="101" hits="3" branch="true" condition-coverage="100% (8/8)" />
            <line number="102" hits="3" branch="false" />
            <line number="195" hits="1" branch="false" />
            <line number="196" hits="1" branch="false" />
            <line number="197" hits="1" branch="false" />
            <line number="198" hits="1" branch="false" />
            <line number="199" hits="1" branch="false" />
            <line number="200" hits="1" branch="false" />
            <line number="204" hits="1" branch="false" />
            <line number="211" hits="0" branch="false" />
            <line number="212" hits="0" branch="false" />
            <line number="213" hits="0" branch="false" />
            <line number="214" hits="0" branch="false" />
            <line number="215" hits="0" branch="false" />
            <line number="216" hits="0" branch="false" />
            <line number="220" hits="0" branch="false" />
            <line number="221" hits="0" branch="true" condition-coverage="0% (0/2)" />
            <line number="222" hits="0" branch="false" />
            <line number="223" hits="0" branch="false" />
            <line number="231" hits="3" branch="false" />
            <line number="232" hits="3" branch="false" />
            <line number="233" hits="4" branch="true" condition-coverage="100% (2/2)" />
            <line number="235" hits="20" branch="true" condition-coverage="100% (2/2)" />
            <line number="236" hits="7" branch="false" />
            <line number="237" hits="7" branch="false" />
            <line number="238" hits="7" branch="true" condition-coverage="100% (2/2)" />
            <line number="240" hits="7" branch="false" />
            <line number="241" hits="7" branch="false" />
            <line number="242" hits="7" branch="true" condition-coverage="100% (2/2)" />
            <line number="243" hits="2" branch="false" />
            <line number="244" hits="2" branch="false" />
            <line number="245" hits="2" branch="false" />
            <line number="246" hits="2" branch="false" />
            <line number="248" hits="7" branch="false" />
            <line number="249" hits="7" branch="true" condition-coverage="75% (3/4)" />
            <line number="251" hits="7" branch="false" />
            <line number="252" hits="7" branch="false" />
            <line number="253" hits="7" branch="true" condition-coverage="100% (2/2)" />
            <line number="255" hits="7" branch="false" />
            <line number="256" hits="7" branch="false" />
            <line number="258" hits="2" branch="false" />
            <line number="259" hits="3" branch="false" />
            <line number="262" hits="1" branch="false" />
            <line number="282" hits="1" branch="false" />
            <line number="292" hits="1" branch="false" />
            <line number="325" hits="0" branch="false" />
            <line number="339" hits="0" branch="false" />
            <line number="342" hits="2" branch="false" />
            <line number="345" hits="1" branch="false" />
            <line number="346" hits="1" branch="false" />
            <line number="347" hits="1" branch="false" />
            <line number="358" hits="6" branch="false" />
            <line number="359" hits="6" branch="true" condition-coverage="100% (4/4)" />
            <line number="360" hits="1" branch="false" />
            <line number="361" hits="1" branch="false" />
            <line number="362" hits="5" branch="false" />
            <line number="363" hits="5" branch="false" />
            <line number="366" hits="7" branch="false" />
            <line number="370" hits="1" branch="false" />
            <line number="371" hits="1" branch="false" />
            <line number="372" hits="7" branch="true" condition-coverage="100% (2/2)" />
            <line number="373" hits="2" branch="false" />
            <line number="374" hits="2" branch="false" />
            <line number="375" hits="2" branch="true" condition-coverage="50% (1/2)" />
            <line number="376" hits="0" branch="false" />
            <line number="377" hits="0" branch="false" />
            <line number="378" hits="0" branch="true" condition-coverage="0% (0/6)" />
            <line number="379" hits="0" branch="false" />
            <line number="380" hits="0" branch="false" />
            <line number="381" hits="0" branch="false" />
            <line number="382" hits="0" branch="true" condition-coverage="0% (0/2)" />
            <line number="383" hits="0" branch="false" />
            <line number="384" hits="0" branch="false" />
            <line number="385" hits="0" branch="false" />
            <line number="386" hits="2" branch="true" condition-coverage="100% (2/2)" />
            <line number="387" hits="2" branch="false" />
            <line number="388" hits="2" branch="false" />
            <line number="389" hits="2" branch="false" />
            <line number="390" hits="2" branch="false" />
            <line number="391" hits="1" branch="false" />
            <line number="392" hits="1" branch="false" />
            <line number="395" hits="2" branch="false" />
            <line number="396" hits="2" branch="false" />
            <line number="397" hits="16" branch="true" condition-coverage="100% (2/2)" />
            <line number="398" hits="5" branch="false" />
            <line number="399" hits="5" branch="true" condition-coverage="50% (1/2)" />
            <line number="400" hits="5" branch="false" />
            <line number="401" hits="5" branch="false" />
            <line number="402" hits="5" branch="false" />
            <line number="403" hits="2" branch="false" />
            <line number="404" hits="2" branch="false" />
          </lines>
        </class>
        <class name="Agilent34970A.Cards.Card34901A" filename="https://raw.githubusercontent.com/bartkepl/InstrumentControl/96c6f50d5b1d3b5d4569cb553e289da768633486/instruments/Agilent34970A/Cards/Card34901A.cs" line-rate="1" branch-rate="0.9642857142857143" complexity="32">
          <methods>
            <method name="get_Model" signature="()" line-rate="1" branch-rate="1" complexity="1">
              <lines>
                <line number="21" hits="1" branch="false" />
              </lines>
            </method>
            <method name="get_DisplayName" signature="()" line-rate="1" branch-rate="1" complexity="1">
              <lines>
                <line number="22" hits="1" branch="false" />
              </lines>
            </method>
            <method name="IsValidChannel" signature="(System.Int32)" line-rate="1" branch-rate="0.5" complexity="2">
              <lines>
                <line number="25" hits="9" branch="true" condition-coverage="50% (1/2)" />
              </lines>
            </method>
            <method name="IsCurrentChannel" signature="(System.Int32)" line-rate="1" branch-rate="1" complexity="2">
              <lines>
                <line number="28" hits="8" branch="true" condition-coverage="100% (2/2)" />
              </lines>
            </method>
            <method name="Validate" signature="(Agilent34970A.Cards.ChannelMeasurement)" line-rate="1" branch-rate="1" complexity="24">
              <lines>
                <line number="35" hits="9" branch="false" />
                <line number="36" hits="9" branch="false" />
                <line number="38" hits="9" branch="true" condition-coverage="100% (2/2)" />
                <line number="39" hits="1" branch="false" />
                <line number="40" hits="1" branch="false" />
                <line number="41" hits="1" branch="false" />
                <line number="43" hits="8" branch="true" condition-coverage="100% (2/2)" />
                <line number="45" hits="8" branch="true" condition-coverage="100% (4/4)" />
                <line number="46" hits="1" branch="false" />
                <line number="47" hits="1" branch="false" />
                <line number="49" hits="7" branch="true" condition-coverage="100% (4/4)" />
                <line number="50" hits="1" branch="false" />
                <line number="51" hits="1" branch="false" />
                <line number="53" hits="6" branch="true" condition-coverage="100% (4/4)" />
                <line number="55" hits="6" branch="true" condition-coverage="100% (8/8)" />
                <line number="56" hits="1" branch="false" />
                <line number="57" hits="1" branch="false" />
                <line number="58" hits="1" branch="false" />
                <line number="59" hits="5" branch="false" />
              </lines>
            </method>
            <method name="PairedSenseChannel" signature="(System.Int32)" line-rate="1" branch-rate="1" complexity="1">
              <lines>
                <line number="64" hits="1" branch="false" />
              </lines>
            </method>
            <method name=".ctor" signature="(System.Int32)" line-rate="1" branch-rate="1" complexity="1">
              <lines>
                <line number="19" hits="38" branch="false" />
              </lines>
            </method>
          </methods>
          <lines>
            <line number="19" hits="38" branch="false" />
            <line number="21" hits="1" branch="false" />
            <line number="22" hits="1" branch="false" />
            <line number="25" hits="9" branch="true" condition-coverage="50% (1/2)" />
            <line number="28" hits="8" branch="true" condition-coverage="100% (2/2)" />
            <line number="35" hits="9" branch="false" />
            <line number="36" hits="9" branch="false" />
            <line number="38" hits="9" branch="true" condition-coverage="100% (2/2)" />
            <line number="39" hits="1" branch="false" />
            <line number="40" hits="1" branch="false" />
            <line number="41" hits="1" branch="false" />
            <line number="43" hits="8" branch="true" condition-coverage="100% (2/2)" />
            <line number="45" hits="8" branch="true" condition-coverage="100% (4/4)" />
            <line number="46" hits="1" branch="false" />
            <line number="47" hits="1" branch="false" />
            <line number="49" hits="7" branch="true" condition-coverage="100% (4/4)" />
            <line number="50" hits="1" branch="false" />
            <line number="51" hits="1" branch="false" />
            <line number="53" hits="6" branch="true" condition-coverage="100% (4/4)" />
            <line number="55" hits="6" branch="true" condition-coverage="100% (8/8)" />
            <line number="56" hits="1" branch="false" />
            <line number="57" hits="1" branch="false" />
            <line number="58" hits="1" branch="false" />
            <line number="59" hits="5" branch="false" />
            <line number="64" hits="1" branch="false" />
          </lines>
        </class>
        <class name="Agilent34970A.Cards.Card34907A" filename="https://raw.githubusercontent.com/bartkepl/InstrumentControl/96c6f50d5b1d3b5d4569cb553e289da768633486/instruments/Agilent34970A/Cards/Card34907A.cs" line-rate="0.95" branch-rate="0.9166666666666666" complexity="21">
          <methods>
            <method name="get_Model" signature="()" line-rate="0" branch-rate="1" complexity="1">
              <lines>
                <line number="27" hits="0" branch="false" />
              </lines>
            </method>
            <method name="get_DisplayName" signature="()" line-rate="1" branch-rate="1" complexity="1">
              <lines>
                <line number="28" hits="1" branch="false" />
              </lines>
            </method>
            <method name="DioChannel" signature="(System.Int32)" line-rate="1" branch-rate="1" complexity="2">
              <lines>
                <line number="33" hits="6" branch="true" condition-coverage="100% (2/2)" />
              </lines>
            </method>
            <method name="get_TotalizerChannel" signature="()" line-rate="1" branch-rate="1" complexity="1">
              <lines>
                <line number="36" hits="6" branch="false" />
              </lines>
            </method>
            <method name="DacChannel" signature="(System.Int32)" line-rate="1" branch-rate="1" complexity="2">
              <lines>
                <line number="39" hits="7" branch="true" condition-coverage="100% (2/2)" />
              </lines>
            </method>
            <method name="BuildSetDacCommand" signature="(System.Int32,System.Double)" line-rate="1" branch-rate="0.875" complexity="8">
              <lines>
                <line number="45" hits="5" branch="false" />
                <line number="46" hits="5" branch="true" condition-coverage="100% (4/4)" />
                <line number="47" hits="1" branch="false" />
                <line number="48" hits="4" branch="true" condition-coverage="75% (3/4)" />
                <line number="49" hits="1" branch="false" />
                <line number="50" hits="1" branch="false" />
                <line number="52" hits="3" branch="false" />
                <line number="53" hits="3" branch="false" />
                <line number="54" hits="3" branch="false" />
              </lines>
            </method>
            <method name="BuildReadDacCommand" signature="(System.Int32)" line-rate="1" branch-rate="1" complexity="1">
              <lines>
                <line number="57" hits="1" branch="false" />
              </lines>
            </method>
            <method name="BuildDigitalWriteCommand" signature="(System.Int32,System.Byte)" line-rate="1" branch-rate="1" complexity="1">
              <lines>
                <line number="61" hits="2" branch="false" />
              </lines>
            </method>
            <method name="BuildDigitalReadCommand" signature="(System.Int32)" line-rate="1" branch-rate="1" complexity="1">
              <lines>
                <line number="65" hits="2" branch="false" />
              </lines>
            </method>
            <method name="BuildTotalizerReadCommand" signature="()" line-rate="1" branch-rate="1" complexity="1">
              <lines>
                <line number="68" hits="2" branch="false" />
              </lines>
            </method>
            <method name="BuildTotalizerResetCommand" signature="()" line-rate="1" branch-rate="1" complexity="1">
              <lines>
                <line number="71" hits="2" branch="false" />
              </lines>
            </method>
            <method name=".ctor" signature="(System.Int32)" line-rate="1" branch-rate="1" complexity="1">
              <lines>
                <line number="25" hits="36" branch="false" />
              </lines>
            </method>
          </methods>
          <lines>
            <line number="25" hits="36" branch="false" />
            <line number="27" hits="0" branch="false" />
            <line number="28" hits="1" branch="false" />
            <line number="33" hits="6" branch="true" condition-coverage="100% (2/2)" />
            <line number="36" hits="6" branch="false" />
            <line number="39" hits="7" branch="true" condition-coverage="100% (2/2)" />
            <line number="45" hits="5" branch="false" />
            <line number="46" hits="5" branch="true" condition-coverage="100% (4/4)" />
            <line number="47" hits="1" branch="false" />
            <line number="48" hits="4" branch="true" condition-coverage="75% (3/4)" />
            <line number="49" hits="1" branch="false" />
            <line number="50" hits="1" branch="false" />
            <line number="52" hits="3" branch="false" />
            <line number="53" hits="3" branch="false" />
            <line number="54" hits="3" branch="false" />
            <line number="57" hits="1" branch="false" />
            <line number="61" hits="2" branch="false" />
            <line number="65" hits="2" branch="false" />
            <line number="68" hits="2" branch="false" />
            <line number="71" hits="2" branch="false" />
          </lines>
        </class>
        <class name="Agilent34970A.Cards.CardBase" filename="https://raw.githubusercontent.com/bartkepl/InstrumentControl/96c6f50d5b1d3b5d4569cb553e289da768633486/instruments/Agilent34970A/Cards/CardBase.cs" line-rate="1" branch-rate="0.9411764705882353" complexity="20">
          <methods>
            <method name="get_SlotIndex" signature="()" line-rate="1" branch-rate="1" complexity="1">
              <lines>
                <line number="22" hits="1" branch="false" />
              </lines>
            </method>
            <method name="AbsChannel" signature="(System.Int32)" line-rate="1" branch-rate="1" complexity="1">
              <lines>
                <line number="31" hits="1" branch="false" />
              </lines>
            </method>
            <method name="ToString" signature="()" line-rate="1" branch-rate="1" complexity="1">
              <lines>
                <line number="33" hits="1" branch="false" />
              </lines>
            </method>
            <method name="Create" signature="(System.Int32,System.String)" line-rate="1" branch-rate="0.9166666666666666" complexity="12">
              <lines>
                <line number="41" hits="10" branch="false" />
                <line number="42" hits="10" branch="true" condition-coverage="50% (1/2)" />
                <line number="43" hits="10" branch="true" condition-coverage="100% (10/10)" />
                <line number="44" hits="10" branch="false" />
                <line number="45" hits="3" branch="false" />
                <line number="46" hits="2" branch="false" />
                <line number="47" hits="4" branch="false" />
                <line number="48" hits="1" branch="false" />
                <line number="49" hits="10" branch="false" />
                <line number="50" hits="10" branch="false" />
              </lines>
            </method>
            <method name=".ctor" signature="(System.Int32)" line-rate="1" branch-rate="1" complexity="5">
              <lines>
                <line number="15" hits="27" branch="false" />
                <line number="16" hits="27" branch="true" condition-coverage="100% (5/5)" />
                <line number="17" hits="2" branch="false" />
                <line number="19" hits="25" branch="false" />
              </lines>
            </method>
          </methods>
          <lines>
            <line number="15" hits="27" branch="false" />
            <line number="16" hits="27" branch="true" condition-coverage="100% (5/5)" />
            <line number="17" hits="2" branch="false" />
            <line number="19" hits="25" branch="false" />
            <line number="22" hits="1" branch="false" />
            <line number="31" hits="1" branch="false" />
            <line number="33" hits="1" branch="false" />
            <line number="41" hits="10" branch="false" />
            <line number="42" hits="10" branch="true" condition-coverage="50% (1/2)" />
            <line number="43" hits="10" branch="true" condition-coverage="100% (10/10)" />
            <line number="44" hits="10" branch="false" />
            <line number="45" hits="3" branch="false" />
            <line number="46" hits="2" branch="false" />
            <line number="47" hits="4" branch="false" />
            <line number="48" hits="1" branch="false" />
            <line number="49" hits="10" branch="false" />
            <line number="50" hits="10" branch="false" />
          </lines>
        </class>
        <class name="Agilent34970A.Cards.ChannelMeasurement" filename="https://raw.githubusercontent.com/bartkepl/InstrumentControl/96c6f50d5b1d3b5d4569cb553e289da768633486/instruments/Agilent34970A/Cards/ChannelMeasurement.cs" line-rate="0.7721518987341772" branch-rate="0.6629213483146067" complexity="181">
          <methods>
            <method name="get_R" signature="()" line-rate="1" branch-rate="1" complexity="4">
              <lines>
                <line number="82" hits="13" branch="true" condition-coverage="100% (4/4)" />
                <line number="83" hits="13" branch="false" />
                <line number="84" hits="13" branch="false" />
              </lines>
            </method>
            <method name="BuildConfCommand" signature="()" line-rate="0.875" branch-rate="0.8461538461538461" complexity="13">
              <lines>
                <line number="90" hits="18" branch="true" condition-coverage="85% (11/13)" />
                <line number="91" hits="18" branch="false" />
                <line number="92" hits="7" branch="false" />
                <line number="93" hits="1" branch="false" />
                <line number="94" hits="1" branch="false" />
                <line number="95" hits="1" branch="false" />
                <line number="96" hits="1" branch="false" />
                <line number="97" hits="0" branch="false" />
                <line number="98" hits="1" branch="false" />
                <line number="99" hits="1" branch="false" />
                <line number="100" hits="2" branch="false" />
                <line number="101" hits="1" branch="false" />
                <line number="102" hits="1" branch="false" />
                <line number="103" hits="1" branch="false" />
                <line number="104" hits="0" branch="false" />
                <line number="105" hits="18" branch="false" />
              </lines>
            </method>
            <method name="BuildNplcCommand" signature="()" line-rate="0.75" branch-rate="0.7" complexity="10">
              <lines>
                <line number="112" hits="8" branch="false" />
                <line number="113" hits="14" branch="true" condition-coverage="100% (2/2)" />
                <line number="114" hits="2" branch="true" condition-coverage="50% (3/6)" />
                <line number="115" hits="2" branch="false" />
                <line number="116" hits="1" branch="false" />
                <line number="117" hits="0" branch="false" />
                <line number="118" hits="0" branch="false" />
                <line number="119" hits="0" branch="false" />
                <line number="120" hits="1" branch="false" />
                <line number="121" hits="2" branch="false" />
                <line number="122" hits="2" branch="true" condition-coverage="100% (2/2)" />
                <line number="123" hits="8" branch="false" />
              </lines>
            </method>
            <method name="get_Unit" signature="()" line-rate="0.8" branch-rate="0.8461538461538461" complexity="13">
              <lines>
                <line number="142" hits="10" branch="true" condition-coverage="85% (11/13)" />
                <line number="143" hits="10" branch="false" />
                <line number="144" hits="5" branch="false" />
                <line number="145" hits="1" branch="false" />
                <line number="146" hits="1" branch="false" />
                <line number="147" hits="1" branch="false" />
                <line number="148" hits="0" branch="false" />
                <line number="149" hits="2" branch="false" />
                <line number="150" hits="0" branch="false" />
                <line number="151" hits="10" branch="false" />
              </lines>
            </method>
            <method name="FromUi" signature="(System.Int32,System.String,System.String,System.String)" line-rate="0.6774193548387096" branch-rate="0.6159420289855072" complexity="138">
              <lines>
                <line number="159" hits="14" branch="false" />
                <line number="160" hits="14" branch="true" condition-coverage="50% (1/2)" />
                <line number="161" hits="14" branch="false" />
                <line number="162" hits="14" branch="false" />
                <line number="163" hits="14" branch="false" />
                <line number="164" hits="14" branch="false" />
                <line number="166" hits="14" branch="true" condition-coverage="50% (2/4)" />
                <line number="168" hits="14" branch="true" condition-coverage="63% (74/118)" />
                <line number="170" hits="10" branch="false" />
                <line number="171" hits="0" branch="false" />
                <line number="172" hits="2" branch="false" />
                <line number="173" hits="2" branch="false" />
                <line number="174" hits="2" branch="false" />
                <line number="175" hits="0" branch="false" />
                <line number="176" hits="0" branch="false" />
                <line number="177" hits="0" branch="false" />
                <line number="180" hits="3" branch="false" />
                <line number="181" hits="6" branch="true" condition-coverage="100% (2/2)" />
                <line number="182" hits="3" branch="false" />
                <line number="185" hits="0" branch="false" />
                <line number="186" hits="0" branch="true" condition-coverage="25% (1/4)" />
                <line number="187" hits="0" branch="false" />
                <line number="190" hits="2" branch="false" />
                <line number="191" hits="3" branch="true" condition-coverage="100% (4/4)" />
                <line number="192" hits="2" branch="false" />
                <line number="195" hits="0" branch="false" />
                <line number="196" hits="0" branch="true" condition-coverage="25% (1/4)" />
                <line number="197" hits="0" branch="false" />
                <line number="199" hits="2" branch="false" />
                <line number="202" hits="14" branch="false" />
                <line number="203" hits="14" branch="false" />
              </lines>
            </method>
            <method name="ToString" signature="()" line-rate="0" branch-rate="1" complexity="1">
              <lines>
                <line number="206" hits="0" branch="false" />
              </lines>
            </method>
            <method name=".ctor" signature="()" line-rate="1" branch-rate="1" complexity="1">
              <lines>
                <line number="68" hits="28" branch="false" />
              </lines>
            </method>
            <method name=".ctor" signature="(System.Int32,Agilent34970A.Cards.MuxFunction,System.String)" line-rate="1" branch-rate="1" complexity="1">
              <lines>
                <line number="71" hits="34" branch="false" />
                <line number="72" hits="34" branch="false" />
                <line number="73" hits="34" branch="false" />
                <line number="74" hits="34" branch="false" />
                <line number="75" hits="34" branch="false" />
              </lines>
            </method>
          </methods>
          <lines>
            <line number="68" hits="28" branch="false" />
            <line number="71" hits="34" branch="false" />
            <line number="72" hits="34" branch="false" />
            <line number="73" hits="34" branch="false" />
            <line number="74" hits="34" branch="false" />
            <line number="75" hits="34" branch="false" />
            <line number="82" hits="13" branch="true" condition-coverage="100% (4/4)" />
            <line number="83" hits="13" branch="false" />
            <line number="84" hits="13" branch="false" />
            <line number="90" hits="18" branch="true" condition-coverage="85% (11/13)" />
            <line number="91" hits="18" branch="false" />
            <line number="92" hits="7" branch="false" />
            <line number="93" hits="1" branch="false" />
            <line number="94" hits="1" branch="false" />
            <line number="95" hits="1" branch="false" />
            <line number="96" hits="1" branch="false" />
            <line number="97" hits="0" branch="false" />
            <line number="98" hits="1" branch="false" />
            <line number="99" hits="1" branch="false" />
            <line number="100" hits="2" branch="false" />
            <line number="101" hits="1" branch="false" />
            <line number="102" hits="1" branch="false" />
            <line number="103" hits="1" branch="false" />
            <line number="104" hits="0" branch="false" />
            <line number="105" hits="18" branch="false" />
            <line number="112" hits="8" branch="false" />
            <line number="113" hits="14" branch="true" condition-coverage="100% (2/2)" />
            <line number="114" hits="2" branch="true" condition-coverage="50% (3/6)" />
            <line number="115" hits="2" branch="false" />
            <line number="116" hits="1" branch="false" />
            <line number="117" hits="0" branch="false" />
            <line number="118" hits="0" branch="false" />
            <line number="119" hits="0" branch="false" />
            <line number="120" hits="1" branch="false" />
            <line number="121" hits="2" branch="false" />
            <line number="122" hits="2" branch="true" condition-coverage="100% (2/2)" />
            <line number="123" hits="8" branch="false" />
            <line number="142" hits="10" branch="true" condition-coverage="85% (11/13)" />
            <line number="143" hits="10" branch="false" />
            <line number="144" hits="5" branch="false" />
            <line number="145" hits="1" branch="false" />
            <line number="146" hits="1" branch="false" />
            <line number="147" hits="1" branch="false" />
            <line number="148" hits="0" branch="false" />
            <line number="149" hits="2" branch="false" />
            <line number="150" hits="0" branch="false" />
            <line number="151" hits="10" branch="false" />
            <line number="159" hits="14" branch="false" />
            <line number="160" hits="14" branch="true" condition-coverage="50% (1/2)" />
            <line number="161" hits="14" branch="false" />
            <line number="162" hits="14" branch="false" />
            <line number="163" hits="14" branch="false" />
            <line number="164" hits="14" branch="false" />
            <line number="166" hits="14" branch="true" condition-coverage="50% (2/4)" />
            <line number="168" hits="14" branch="true" condition-coverage="63% (74/118)" />
            <line number="170" hits="10" branch="false" />
            <line number="171" hits="0" branch="false" />
            <line number="172" hits="2" branch="false" />
            <line number="173" hits="2" branch="false" />
            <line number="174" hits="2" branch="false" />
            <line number="175" hits="0" branch="false" />
            <line number="176" hits="0" branch="false" />
            <line number="177" hits="0" branch="false" />
            <line number="180" hits="3" branch="false" />
            <line number="181" hits="6" branch="true" condition-coverage="100% (2/2)" />
            <line number="182" hits="3" branch="false" />
            <line number="185" hits="0" branch="false" />
            <line number="186" hits="0" branch="true" condition-coverage="25% (1/4)" />
            <line number="187" hits="0" branch="false" />
            <line number="190" hits="2" branch="false" />
            <line number="191" hits="3" branch="true" condition-coverage="100% (4/4)" />
            <line number="192" hits="2" branch="false" />
            <line number="195" hits="0" branch="false" />
            <line number="196" hits="0" branch="true" condition-coverage="25% (1/4)" />
            <line number="197" hits="0" branch="false" />
            <line number="199" hits="2" branch="false" />
[...]
              <lines>
                <line number="127" hits="1" branch="false" />
              </lines>
            </method>
            <method name="get_PropertyDefinitions" signature="()" line-rate="1" branch-rate="1" complexity="1">
              <lines>
                <line number="130" hits="2" branch="false" />
                <line number="131" hits="2" branch="false" />
                <line number="132" hits="2" branch="false" />
                <line number="133" hits="2" branch="false" />
                <line number="134" hits="2" branch="false" />
                <line number="135" hits="2" branch="false" />
                <line number="136" hits="2" branch="false" />
                <line number="137" hits="2" branch="false" />
                <line number="138" hits="2" branch="false" />
                <line number="139" hits="2" branch="false" />
              </lines>
            </method>
            <method name=".cctor" signature="()" line-rate="1" branch-rate="1" complexity="1">
              <lines>
                <line number="169" hits="1" branch="false" />
              </lines>
            </method>
          </methods>
          <lines>
            <line number="123" hits="1" branch="false" />
            <line number="124" hits="1" branch="false" />
            <line number="125" hits="1" branch="false" />
            <line number="126" hits="1" branch="false" />
            <line number="127" hits="1" branch="false" />
            <line number="130" hits="2" branch="false" />
            <line number="131" hits="2" branch="false" />
            <line number="132" hits="2" branch="false" />
            <line number="133" hits="2" branch="false" />
            <line number="134" hits="2" branch="false" />
            <line number="135" hits="2" branch="false" />
            <line number="136" hits="2" branch="false" />
            <line number="137" hits="2" branch="false" />
            <line number="138" hits="2" branch="false" />
            <line number="139" hits="2" branch="false" />
            <line number="169" hits="1" branch="false" />
          </lines>
        </class>
        <class name="RTB2004.RTB2004_Single" filename="https://raw.githubusercontent.com/bartkepl/InstrumentControl/96c6f50d5b1d3b5d4569cb553e289da768633486/instruments/RTB2004/RTB2004Blocks.cs" line-rate="1" branch-rate="1" complexity="7">
          <methods>
            <method name="get_BlockType" signature="()" line-rate="1" branch-rate="1" complexity="1">
              <lines>
                <line number="248" hits="1" branch="false" />
              </lines>
            </method>
            <method name="get_DisplayName" signature="()" line-rate="1" branch-rate="1" complexity="1">
              <lines>
                <line number="249" hits="1" branch="false" />
              </lines>
            </method>
            <method name="get_Description" signature="()" line-rate="1" branch-rate="1" complexity="1">
              <lines>
                <line number="250" hits="1" branch="false" />
              </lines>
            </method>
            <method name="get_BlockColor" signature="()" line-rate="1" branch-rate="1" complexity="1">
              <lines>
                <line number="251" hits="1" branch="false" />
              </lines>
            </method>
            <method name="get_Category" signature="()" line-rate="1" branch-rate="1" complexity="1">
              <lines>
                <line number="252" hits="1" branch="false" />
              </lines>
            </method>
            <method name="get_PropertyDefinitions" signature="()" line-rate="1" branch-rate="1" complexity="1">
              <lines>
                <line number="255" hits="2" branch="false" />
                <line number="256" hits="2" branch="false" />
                <line number="257" hits="2" branch="false" />
                <line number="258" hits="2" branch="false" />
              </lines>
            </method>
            <method name=".cctor" signature="()" line-rate="1" branch-rate="1" complexity="1">
              <lines>
                <line number="282" hits="1" branch="false" />
              </lines>
            </method>
          </methods>
          <lines>
            <line number="248" hits="1" branch="false" />
            <line number="249" hits="1" branch="false" />
            <line number="250" hits="1" branch="false" />
            <line number="251" hits="1" branch="false" />
            <line number="252" hits="1" branch="false" />
            <line number="255" hits="2" branch="false" />
            <line number="256" hits="2" branch="false" />
            <line number="257" hits="2" branch="false" />
            <line number="258" hits="2" branch="false" />
            <line number="282" hits="1" branch="false" />
          </lines>
        </class>
        <class name="RTB2004.RTB2004_Stop" filename="https://raw.githubusercontent.com/bartkepl/InstrumentControl/96c6f50d5b1d3b5d4569cb553e289da768633486/instruments/RTB2004/RTB2004Blocks.cs" line-rate="1" branch-rate="1" complexity="7">
          <methods>
            <method name="get_BlockType" signature="()" line-rate="1" branch-rate="1" complexity="1">
              <lines>
                <line number="212" hits="1" branch="false" />
              </lines>
            </method>
            <method name="get_DisplayName" signature="()" line-rate="1" branch-rate="1" complexity="1">
              <lines>
                <line number="213" hits="1" branch="false" />
              </lines>
            </method>
            <method name="get_Description" signature="()" line-rate="1" branch-rate="1" complexity="1">
              <lines>
                <line number="214" hits="1" branch="false" />
              </lines>
            </method>
            <method name="get_BlockColor" signature="()" line-rate="1" branch-rate="1" complexity="1">
              <lines>
                <line number="215" hits="1" branch="false" />
              </lines>
            </method>
            <method name="get_Category" signature="()" line-rate="1" branch-rate="1" complexity="1">
              <lines>
                <line number="216" hits="1" branch="false" />
              </lines>
            </method>
            <method name="get_PropertyDefinitions" signature="()" line-rate="1" branch-rate="1" complexity="1">
              <lines>
                <line number="219" hits="2" branch="false" />
                <line number="220" hits="2" branch="false" />
                <line number="221" hits="2" branch="false" />
              </lines>
            </method>
            <method name=".cctor" signature="()" line-rate="1" branch-rate="1" complexity="1">
              <lines>
                <line number="241" hits="1" branch="false" />
              </lines>
            </method>
          </methods>
          <lines>
            <line number="212" hits="1" branch="false" />
            <line number="213" hits="1" branch="false" />
            <line number="214" hits="1" branch="false" />
            <line number="215" hits="1" branch="false" />
            <line number="216" hits="1" branch="false" />
            <line number="219" hits="2" branch="false" />
            <line number="220" hits="2" branch="false" />
            <line number="221" hits="2" branch="false" />
            <line number="241" hits="1" branch="false" />
          </lines>
        </class>
        <class name="RTB2004.RTB2004Blocks" filename="https://raw.githubusercontent.com/bartkepl/InstrumentControl/96c6f50d5b1d3b5d4569cb553e289da768633486/instruments/RTB2004/RTB2004Blocks.cs" line-rate="1" branch-rate="1" complexity="1">
          <methods>
            <method name="RegisterAll" signature="()" line-rate="1" branch-rate="1" complexity="1">
              <lines>
                <line number="422" hits="1" branch="false" />
                <line number="423" hits="1" branch="false" />
                <line number="424" hits="1" branch="false" />
                <line number="425" hits="1" branch="false" />
                <line number="426" hits="1" branch="false" />
                <line number="427" hits="1" branch="false" />
                <line number="428" hits="1" branch="false" />
                <line number="429" hits="1" branch="false" />
                <line number="430" hits="1" branch="false" />
                <line number="431" hits="1" branch="false" />
                <line number="432" hits="1" branch="false" />
              </lines>
            </method>
          </methods>
          <lines>
            <line number="422" hits="1" branch="false" />
            <line number="423" hits="1" branch="false" />
            <line number="424" hits="1" branch="false" />
            <line number="425" hits="1" branch="false" />
            <line number="426" hits="1" branch="false" />
            <line number="427" hits="1" branch="false" />
            <line number="428" hits="1" branch="false" />
            <line number="429" hits="1" branch="false" />
            <line number="430" hits="1" branch="false" />
            <line number="431" hits="1" branch="false" />
            <line number="432" hits="1" branch="false" />
          </lines>
        </class>
        <class name="RTB2004.RTB2004Driver" filename="https://raw.githubusercontent.com/bartkepl/InstrumentControl/96c6f50d5b1d3b5d4569cb553e289da768633486/instruments/RTB2004/RTB2004Driver.cs" line-rate="0.65625" branch-rate="0.19402985074626866" complexity="142">
          <methods>
            <method name="get_DriverName" signature="()" line-rate="1" branch-rate="1" complexity="1">
              <lines>
                <line number="15" hits="25" branch="false" />
              </lines>
            </method>
            <method name="get_Manufacturer" signature="()" line-rate="1" branch-rate="1" complexity="1">
              <lines>
                <line number="16" hits="13" branch="false" />
              </lines>
            </method>
            <method name="get_Model" signature="()" line-rate="1" branch-rate="1" complexity="1">
              <lines>
                <line number="17" hits="12" branch="false" />
              </lines>
            </method>
            <method name="get_Description" signature="()" line-rate="0" branch-rate="1" complexity="1">
              <lines>
                <line number="18" hits="0" branch="false" />
              </lines>
            </method>
            <method name="get_SupportedResourcePatterns" signature="()" line-rate="0" branch-rate="1" complexity="1">
              <lines>
                <line number="19" hits="0" branch="false" />
                <line number="20" hits="0" branch="false" />
                <line number="21" hits="0" branch="false" />
                <line number="22" hits="0" branch="false" />
                <line number="23" hits="0" branch="false" />
                <line number="24" hits="0" branch="false" />
                <line number="25" hits="0" branch="false" />
              </lines>
            </method>
            <method name="ParseWaveformHeader" signature="(System.String)" line-rate="1" branch-rate="0.7857142857142857" complexity="14">
              <lines>
                <line number="180" hits="3" branch="false" />
                <line number="181" hits="3" branch="false" />
                <line number="182" hits="3" branch="true" condition-coverage="50% (2/4)" />
                <line number="183" hits="3" branch="false" />
                <line number="184" hits="3" branch="true" condition-coverage="100% (4/4)" />
                <line number="185" hits="3" branch="false" />
                <line number="186" hits="3" branch="true" condition-coverage="100% (4/4)" />
                <line number="187" hits="3" branch="true" condition-coverage="50% (1/2)" />
                <line number="188" hits="3" branch="false" />
                <line number="189" hits="3" branch="false" />
              </lines>
            </method>
            <method name="ParseIeeeBinaryBlock" signature="(System.Byte[])" line-rate="1" branch-rate="0.5" complexity="14">
              <lines>
                <line number="213" hits="1" branch="false" />
                <line number="214" hits="1" branch="true" condition-coverage="50% (2/4)" />
                <line number="215" hits="1" branch="false" />
                <line number="216" hits="1" branch="true" condition-coverage="50% (3/6)" />
                <line number="217" hits="1" branch="false" />
                <line number="218" hits="1" branch="true" condition-coverage="50% (1/2)" />
                <line number="219" hits="1" branch="false" />
                <line number="220" hits="1" branch="true" condition-coverage="50% (1/2)" />
                <line number="221" hits="1" branch="false" />
                <line number="222" hits="1" branch="false" />
              </lines>
            </method>
            <method name="CreateFrontPanel" signature="()" line-rate="0" branch-rate="1" complexity="1">
              <lines>
                <line number="227" hits="0" branch="false" />
              </lines>
            </method>
            <method name="GetAvailableBlocks" signature="()" line-rate="1" branch-rate="1" complexity="1">
              <lines>
                <line number="229" hits="3" branch="false" />
                <line number="230" hits="3" branch="false" />
                <line number="231" hits="3" branch="false" />
                <line number="232" hits="3" branch="false" />
                <line number="233" hits="3" branch="false" />
                <line number="234" hits="3" branch="false" />
                <line number="235" hits="3" branch="false" />
                <line number="236" hits="3" branch="false" />
                <line number="237" hits="3" branch="false" />
                <line number="238" hits="3" branch="false" />
                <line number="239" hits="3" branch="false" />
                <line number="240" hits="3" branch="false" />
              </lines>
            </method>
            <method name="GetMeasUnit" signature="(System.String)" line-rate="0.23529411764705882" branch-rate="0.07547169811320754" complexity="106">
              <lines>
                <line number="244" hits="2" branch="true" condition-coverage="8% (8/106)" />
                <line number="245" hits="2" branch="false" />
                <line number="246" hits="2" branch="false" />
                <line number="247" hits="0" branch="false" />
                <line number="248" hits="0" branch="false" />
                <line number="249" hits="0" branch="false" />
                <line number="250" hits="0" branch="false" />
                <line number="251" hits="0" branch="false" />
                <line number="252" hits="0" branch="false" />
                <line number="253" hits="0" branch="false" />
                <line number="254" hits="0" branch="false" />
                <line number="255" hits="0" branch="false" />
                <line number="256" hits="0" branch="false" />
                <line number="257" hits="0" branch="false" />
                <line number="258" hits="0" branch="false" />
                <line number="259" hits="0" branch="false" />
                <line number="260" hits="2" branch="false" />
              </lines>
            </method>
            <method name=".cctor" signature="()" line-rate="1" branch-rate="1" complexity="1">
              <lines>
                <line number="28" hits="1" branch="false" />
                <line number="29" hits="1" branch="false" />
                <line number="30" hits="1" branch="false" />
              </lines>
            </method>
          </methods>
          <lines>
            <line number="15" hits="25" branch="false" />
            <line number="16" hits="13" branch="false" />
            <line number="17" hits="12" branch="false" />
            <line number="18" hits="0" branch="false" />
            <line number="19" hits="0" branch="false" />
            <line number="20" hits="0" branch="false" />
            <line number="21" hits="0" branch="false" />
            <line number="22" hits="0" branch="false" />
            <line number="23" hits="0" branch="false" />
            <line number="24" hits="0" branch="false" />
            <line number="25" hits="0" branch="false" />
            <line number="28" hits="1" branch="false" />
            <line number="29" hits="1" branch="false" />
            <line number="30" hits="1" branch="false" />
            <line number="180" hits="3" branch="false" />
            <line number="181" hits="3" branch="false" />
            <line number="182" hits="3" branch="true" condition-coverage="50% (2/4)" />
            <line number="183" hits="3" branch="false" />
            <line number="184" hits="3" branch="true" condition-coverage="100% (4/4)" />
            <line number="185" hits="3" branch="false" />
            <line number="186" hits="3" branch="true" condition-coverage="100% (4/4)" />
            <line number="187" hits="3" branch="true" condition-coverage="50% (1/2)" />
            <line number="188" hits="3" branch="false" />
            <line number="189" hits="3" branch="false" />
            <line number="213" hits="1" branch="false" />
            <line number="214" hits="1" branch="true" condition-coverage="50% (2/4)" />
            <line number="215" hits="1" branch="false" />
            <line number="216" hits="1" branch="true" condition-coverage="50% (3/6)" />
            <line number="217" hits="1" branch="false" />
            <line number="218" hits="1" branch="true" condition-coverage="50% (1/2)" />
            <line number="219" hits="1" branch="false" />
            <line number="220" hits="1" branch="true" condition-coverage="50% (1/2)" />
            <line number="221" hits="1" branch="false" />
            <line number="222" hits="1" branch="false" />
            <line number="227" hits="0" branch="false" />
            <line number="229" hits="3" branch="false" />
            <line number="230" hits="3" branch="false" />
            <line number="231" hits="3" branch="false" />
            <line number="232" hits="3" branch="false" />
            <line number="233" hits="3" branch="false" />
            <line number="234" hits="3" branch="false" />
            <line number="235" hits="3" branch="false" />
            <line number="236" hits="3" branch="false" />
            <line number="237" hits="3" branch="false" />
            <line number="238" hits="3" branch="false" />
            <line number="239" hits="3" branch="false" />
            <line number="240" hits="3" branch="false" />
            <line number="244" hits="2" branch="true" condition-coverage="8% (8/106)" />
            <line number="245" hits="2" branch="false" />
            <line number="246" hits="2" branch="false" />
            <line number="247" hits="0" branch="false" />
            <line number="248" hits="0" branch="false" />
            <line number="249" hits="0" branch="false" />
            <line number="250" hits="0" branch="false" />
            <line number="251" hits="0" branch="false" />
            <line number="252" hits="0" branch="false" />
            <line number="253" hits="0" branch="false" />
            <line number="254" hits="0" branch="false" />
            <line number="255" hits="0" branch="false" />
            <line number="256" hits="0" branch="false" />
            <line number="257" hits="0" branch="false" />
            <line number="258" hits="0" branch="false" />
            <line number="259" hits="0" branch="false" />
            <line number="260" hits="2" branch="false" />
          </lines>
        </class>
      </classes>
    </package>
  </packages>
</coverage>